{"total": {"lines":{"total":786,"covered":679,"skipped":0,"pct":86.38},"statements":{"total":786,"covered":679,"skipped":0,"pct":86.38},"functions":{"total":52,"covered":43,"skipped":0,"pct":82.69},"branches":{"total":182,"covered":162,"skipped":0,"pct":89.01},"branchesTrue":{"total":0,"covered":0,"skipped":0,"pct":"Unknown"}}
,"/Users/wurui/Desktop/wms/RuoYi-WMS-VUE/src/utils/auth.js": {"lines":{"total":15,"covered":15,"skipped":0,"pct":100},"functions":{"total":3,"covered":3,"skipped":0,"pct":100},"statements":{"total":15,"covered":15,"skipped":0,"pct":100},"branches":{"total":3,"covered":3,"skipped":0,"pct":100}}
,"/Users/wurui/Desktop/wms/RuoYi-WMS-VUE/src/utils/errorCode.js": {"lines":{"total":6,"covered":6,"skipped":0,"pct":100},"functions":{"total":0,"covered":0,"skipped":0,"pct":100},"statements":{"total":6,"covered":6,"skipped":0,"pct":100},"branches":{"total":0,"covered":0,"skipped":0,"pct":100}}
,"/Users/wurui/Desktop/wms/RuoYi-WMS-VUE/src/utils/index.js": {"lines":{"total":389,"covered":302,"skipped":0,"pct":77.63},"functions":{"total":22,"covered":15,"skipped":0,"pct":68.18},"statements":{"total":389,"covered":302,"skipped":0,"pct":77.63},"branches":{"total":72,"covered":58,"skipped":0,"pct":80.55}}
,"/Users/wurui/Desktop/wms/RuoYi-WMS-VUE/src/utils/ruoyi.js": {"lines":{"total":276,"covered":258,"skipped":0,"pct":93.47},"functions":{"total":15,"covered":13,"skipped":0,"pct":86.66},"statements":{"total":276,"covered":258,"skipped":0,"pct":93.47},"branches":{"total":90,"covered":85,"skipped":0,"pct":94.44}}
,"/Users/wurui/Desktop/wms/RuoYi-WMS-VUE/src/utils/validate.js": {"lines":{"total":93,"covered":91,"skipped":0,"pct":97.84},"functions":{"total":10,"covered":10,"skipped":0,"pct":100},"statements":{"total":93,"covered":91,"skipped":0,"pct":97.84},"branches":{"total":15,"covered":14,"skipped":0,"pct":93.33}}
,"/Users/wurui/Desktop/wms/RuoYi-WMS-VUE/src/utils/wmsUtil.js": {"lines":{"total":7,"covered":7,"skipped":0,"pct":100},"functions":{"total":2,"covered":2,"skipped":0,"pct":100},"statements":{"total":7,"covered":7,"skipped":0,"pct":100},"branches":{"total":2,"covered":2,"skipped":0,"pct":100}}
}
